# JRE version: Java(TM) SE Runtime Environment (8.0_65-b17) (build 1.8.0_65-b17)
# Java VM: Java HotSpot(TM) 64-Bit Server VM (25.65-b01 mixed mode windows-amd64 compressed oops)
Heap:
 PSYoungGen      total 144384K, used 99018K [0x00000000eab00000, 0x00000000fd680000, 0x0000000100000000)
  eden space 122368K, 80% used [0x00000000eab00000,0x00000000f0bb2940,0x00000000f2280000)
  from space 22016K, 0% used [0x00000000f2280000,0x00000000f2280000,0x00000000f3800000)
  to   space 55296K, 0% used [0x00000000fa080000,0x00000000fa080000,0x00000000fd680000)
 ParOldGen       total 98816K, used 98504K [0x00000000c0000000, 0x00000000c6080000, 0x00000000eab00000)
  object space 98816K, 99% used [0x00000000c0000000,0x00000000c60323a8,0x00000000c6080000)
 Metaspace       used 6570K, capacity 7256K, committed 7424K, reserved 1056768K
  class space    used 627K, capacity 656K, committed 768K, reserved 1048576K
GC Heap History (10 events):
Event: 7.987 GC heap before
{Heap before GC invocations=8 (full 0):
 PSYoungGen      total 74752K, used 74736K [0x00000000eab00000, 0x00000000f4700000, 0x0000000100000000)
  eden space 64512K, 100% used [0x00000000eab00000,0x00000000eea00000,0x00000000eea00000)
  from space 10240K, 99% used [0x00000000eea00000,0x00000000ef3fc020,0x00000000ef400000)
  to   space 15360K, 0% used [0x00000000f3800000,0x00000000f3800000,0x00000000f4700000)
 ParOldGen       total 44032K, used 17224K [0x00000000c0000000, 0x00000000c2b00000, 0x00000000eab00000)
  object space 44032K, 39% used [0x00000000c0000000,0x00000000c10d2228,0x00000000c2b00000)
 Metaspace       used 6564K, capacity 7256K, committed 7424K, reserved 1056768K
  class space    used 626K, capacity 656K, committed 768K, reserved 1048576K
Event: 8.065 GC heap after
Heap after GC invocations=8 (full 0):
 PSYoungGen      total 137728K, used 15344K [0x00000000eab00000, 0x00000000f5400000, 0x0000000100000000)
  eden space 122368K, 0% used [0x00000000eab00000,0x00000000eab00000,0x00000000f2280000)
  from space 15360K, 99% used [0x00000000f3800000,0x00000000f46fc200,0x00000000f4700000)
  to   space 22016K, 0% used [0x00000000f2280000,0x00000000f2280000,0x00000000f3800000)
 ParOldGen       total 44032K, used 26083K [0x00000000c0000000, 0x00000000c2b00000, 0x00000000eab00000)
  object space 44032K, 59% used [0x00000000c0000000,0x00000000c1978f38,0x00000000c2b00000)
 Metaspace       used 6564K, capacity 7256K, committed 7424K, reserved 1056768K
  class space    used 626K, capacity 656K, committed 768K, reserved 1048576K
}
Event: 10.498 GC heap before
{Heap before GC invocations=9 (full 0):
 PSYoungGen      total 137728K, used 137712K [0x00000000eab00000, 0x00000000f5400000, 0x0000000100000000)
  eden space 122368K, 100% used [0x00000000eab00000,0x00000000f2280000,0x00000000f2280000)
  from space 15360K, 99% used [0x00000000f3800000,0x00000000f46fc200,0x00000000f4700000)
  to   space 22016K, 0% used [0x00000000f2280000,0x00000000f2280000,0x00000000f3800000)
 ParOldGen       total 44032K, used 26083K [0x00000000c0000000, 0x00000000c2b00000, 0x00000000eab00000)
  object space 44032K, 59% used [0x00000000c0000000,0x00000000c1978f38,0x00000000c2b00000)
 Metaspace       used 6566K, capacity 7256K, committed 7424K, reserved 1056768K
  class space    used 626K, capacity 656K, committed 768K, reserved 1048576K
Event: 10.742 GC heap after
Heap after GC invocations=9 (full 0):
 PSYoungGen      total 144384K, used 21984K [0x00000000eab00000, 0x00000000fd680000, 0x0000000100000000)
  eden space 122368K, 0% used [0x00000000eab00000,0x00000000eab00000,0x00000000f2280000)
  from space 22016K, 99% used [0x00000000f2280000,0x00000000f37f8008,0x00000000f3800000)
  to   space 55296K, 0% used [0x00000000fa080000,0x00000000fa080000,0x00000000fd680000)
 ParOldGen       total 98816K, used 98628K [0x00000000c0000000, 0x00000000c6080000, 0x00000000eab00000)
  object space 98816K, 99% used [0x00000000c0000000,0x00000000c6051058,0x00000000c6080000)
 Metaspace       used 6566K, capacity 7256K, committed 7424K, reserved 1056768K
  class space    used 626K, capacity 656K, committed 768K, reserved 1048576K
}
Event: 10.742 GC heap before
{Heap before GC invocations=10 (full 1):
 PSYoungGen      total 144384K, used 21984K [0x00000000eab00000, 0x00000000fd680000, 0x0000000100000000)
  eden space 122368K, 0% used [0x00000000eab00000,0x00000000eab00000,0x00000000f2280000)
  from space 22016K, 99% used [0x00000000f2280000,0x00000000f37f8008,0x00000000f3800000)
  to   space 55296K, 0% used [0x00000000fa080000,0x00000000fa080000,0x00000000fd680000)
 ParOldGen       total 98816K, used 98628K [0x00000000c0000000, 0x00000000c6080000, 0x00000000eab00000)
  object space 98816K, 99% used [0x00000000c0000000,0x00000000c6051058,0x00000000c6080000)
 Metaspace       used 6566K, capacity 7256K, committed 7424K, reserved 1056768K
  class space    used 626K, capacity 656K, committed 768K, reserved 1048576K
Event: 13.710 GC heap after
Heap after GC invocations=10 (full 1):
 PSYoungGen      total 144384K, used 9768K [0x00000000eab00000, 0x00000000fd680000, 0x0000000100000000)
  eden space 122368K, 0% used [0x00000000eab00000,0x00000000eab00000,0x00000000f2280000)
  from space 22016K, 44% used [0x00000000f2280000,0x00000000f2c0a2a8,0x00000000f3800000)
  to   space 55296K, 0% used [0x00000000fa080000,0x00000000fa080000,0x00000000fd680000)
 ParOldGen       total 98816K, used 98684K [0x00000000c0000000, 0x00000000c6080000, 0x00000000eab00000)
  object space 98816K, 99% used [0x00000000c0000000,0x00000000c605f018,0x00000000c6080000)
 Metaspace       used 6566K, capacity 7256K, committed 7424K, reserved 1056768K
  class space    used 626K, capacity 656K, committed 768K, reserved 1048576K
}
Event: 13.884 GC heap before
{Heap before GC invocations=11 (full 2):
 PSYoungGen      total 144384K, used 132136K [0x00000000eab00000, 0x00000000fd680000, 0x0000000100000000)
  eden space 122368K, 100% used [0x00000000eab00000,0x00000000f2280000,0x00000000f2280000)
  from space 22016K, 44% used [0x00000000f2280000,0x00000000f2c0a2a8,0x00000000f3800000)
  to   space 55296K, 0% used [0x00000000fa080000,0x00000000fa080000,0x00000000fd680000)
 ParOldGen       total 98816K, used 98684K [0x00000000c0000000, 0x00000000c6080000, 0x00000000eab00000)
  object space 98816K, 99% used [0x00000000c0000000,0x00000000c605f018,0x00000000c6080000)
 Metaspace       used 6566K, capacity 7256K, committed 7424K, reserved 1056768K
  class space    used 626K, capacity 656K, committed 768K, reserved 1048576K
Event: 15.039 GC heap after
Heap after GC invocations=11 (full 2):
 PSYoungGen      total 144384K, used 83853K [0x00000000eab00000, 0x00000000fd680000, 0x0000000100000000)
  eden space 122368K, 68% used [0x00000000eab00000,0x00000000efce3718,0x00000000f2280000)
  from space 22016K, 0% used [0x00000000f2280000,0x00000000f2280000,0x00000000f3800000)
  to   space 55296K, 0% used [0x00000000fa080000,0x00000000fa080000,0x00000000fd680000)
 ParOldGen       total 98816K, used 98504K [0x00000000c0000000, 0x00000000c6080000, 0x00000000eab00000)
  object space 98816K, 99% used [0x00000000c0000000,0x00000000c60323a8,0x00000000c6080000)
 Metaspace       used 6566K, capacity 7256K, committed 7424K, reserved 1056768K
  class space    used 626K, capacity 656K, committed 768K, reserved 1048576K
}
Event: 15.329 GC heap before
{Heap before GC invocations=12 (full 3):
 PSYoungGen      total 144384K, used 122368K [0x00000000eab00000, 0x00000000fd680000, 0x0000000100000000)
  eden space 122368K, 100% used [0x00000000eab00000,0x00000000f2280000,0x00000000f2280000)
  from space 22016K, 0% used [0x00000000f2280000,0x00000000f2280000,0x00000000f3800000)
  to   space 55296K, 0% used [0x00000000fa080000,0x00000000fa080000,0x00000000fd680000)
 ParOldGen       total 98816K, used 98504K [0x00000000c0000000, 0x00000000c6080000, 0x00000000eab00000)
  object space 98816K, 99% used [0x00000000c0000000,0x00000000c60323a8,0x00000000c6080000)
 Metaspace       used 6566K, capacity 7256K, committed 7424K, reserved 1056768K
  class space    used 626K, capacity 656K, committed 768K, reserved 1048576K
Event: 16.880 GC heap after
Heap after GC invocations=12 (full 3):
 PSYoungGen      total 144384K, used 94554K [0x00000000eab00000, 0x00000000fd680000, 0x0000000100000000)
  eden space 122368K, 77% used [0x00000000eab00000,0x00000000f0756b80,0x00000000f2280000)
  from space 22016K, 0% used [0x00000000f2280000,0x00000000f2280000,0x00000000f3800000)
  to   space 55296K, 0% used [0x00000000fa080000,0x00000000fa080000,0x00000000fd680000)
 ParOldGen       total 98816K, used 98504K [0x00000000c0000000, 0x00000000c6080000, 0x00000000eab00000)
  object space 98816K, 99% used [0x00000000c0000000,0x00000000c60323a8,0x00000000c6080000)
 Metaspace       used 6566K, capacity 7256K, committed 7424K, reserved 1056768K
  class space    used 626K, capacity 656K, committed 768K, reserved 1048576K
}

