# JRE version: Java(TM) SE Runtime Environment (8.0_65-b17) (build 1.8.0_65-b17)
# Java VM: Java HotSpot(TM) 64-Bit Server VM (25.65-b01 mixed mode windows-amd64 compressed oops)
Heap:
 PSYoungGen      total 204800K, used 25138K [0x00000000eab00000, 0x00000000fac80000, 0x0000000100000000)
  eden space 173568K, 3% used [0x00000000eab00000,0x00000000eb1a4af0,0x00000000f5480000)
  from space 31232K, 58% used [0x00000000f6500000,0x00000000f76e7fc0,0x00000000f8380000)
  to   space 41984K, 0% used [0x00000000f8380000,0x00000000f8380000,0x00000000fac80000)
 ParOldGen       total 83968K, used 83797K [0x00000000c0000000, 0x00000000c5200000, 0x00000000eab00000)
  object space 83968K, 99% used [0x00000000c0000000,0x00000000c51d5678,0x00000000c5200000)
 Metaspace       used 6242K, capacity 7216K, committed 7296K, reserved 1056768K
  class space    used 586K, capacity 616K, committed 640K, reserved 1048576K
GC Heap History (10 events):
Event: 11.535 GC heap before
{Heap before GC invocations=9 (full 0):
 PSYoungGen      total 138752K, used 138732K [0x00000000eab00000, 0x00000000f4e00000, 0x0000000100000000)
  eden space 124416K, 100% used [0x00000000eab00000,0x00000000f2480000,0x00000000f2480000)
  from space 14336K, 99% used [0x00000000f3700000,0x00000000f44fb3e8,0x00000000f4500000)
  to   space 18944K, 0% used [0x00000000f2480000,0x00000000f2480000,0x00000000f3700000)
 ParOldGen       total 44032K, used 29819K [0x00000000c0000000, 0x00000000c2b00000, 0x00000000eab00000)
  object space 44032K, 67% used [0x00000000c0000000,0x00000000c1d1ed48,0x00000000c2b00000)
 Metaspace       used 6224K, capacity 7152K, committed 7296K, reserved 1056768K
  class space    used 586K, capacity 616K, committed 640K, reserved 1048576K
Event: 11.641 GC heap after
Heap after GC invocations=9 (full 0):
 PSYoungGen      total 143360K, used 18929K [0x00000000eab00000, 0x00000000fa280000, 0x0000000100000000)
  eden space 124416K, 0% used [0x00000000eab00000,0x00000000eab00000,0x00000000f2480000)
  from space 18944K, 99% used [0x00000000f2480000,0x00000000f36fc4c0,0x00000000f3700000)
  to   space 27136K, 0% used [0x00000000f8800000,0x00000000f8800000,0x00000000fa280000)
 ParOldGen       total 44032K, used 43038K [0x00000000c0000000, 0x00000000c2b00000, 0x00000000eab00000)
  object space 44032K, 97% used [0x00000000c0000000,0x00000000c2a07838,0x00000000c2b00000)
 Metaspace       used 6224K, capacity 7152K, committed 7296K, reserved 1056768K
  class space    used 586K, capacity 616K, committed 640K, reserved 1048576K
}
Event: 11.641 GC heap before
{Heap before GC invocations=10 (full 1):
 PSYoungGen      total 143360K, used 18929K [0x00000000eab00000, 0x00000000fa280000, 0x0000000100000000)
  eden space 124416K, 0% used [0x00000000eab00000,0x00000000eab00000,0x00000000f2480000)
  from space 18944K, 99% used [0x00000000f2480000,0x00000000f36fc4c0,0x00000000f3700000)
  to   space 27136K, 0% used [0x00000000f8800000,0x00000000f8800000,0x00000000fa280000)
 ParOldGen       total 44032K, used 43038K [0x00000000c0000000, 0x00000000c2b00000, 0x00000000eab00000)
  object space 44032K, 97% used [0x00000000c0000000,0x00000000c2a07838,0x00000000c2b00000)
 Metaspace       used 6224K, capacity 7152K, committed 7296K, reserved 1056768K
  class space    used 586K, capacity 616K, committed 640K, reserved 1048576K
Event: 14.360 GC heap after
Heap after GC invocations=10 (full 1):
 PSYoungGen      total 143360K, used 12770K [0x00000000eab00000, 0x00000000fa280000, 0x0000000100000000)
  eden space 124416K, 0% used [0x00000000eab00000,0x00000000eab00000,0x00000000f2480000)
  from space 18944K, 67% used [0x00000000f2480000,0x00000000f30f8b30,0x00000000f3700000)
  to   space 27136K, 0% used [0x00000000f8800000,0x00000000f8800000,0x00000000fa280000)
 ParOldGen       total 83968K, used 43902K [0x00000000c0000000, 0x00000000c5200000, 0x00000000eab00000)
  object space 83968K, 52% used [0x00000000c0000000,0x00000000c2adf880,0x00000000c5200000)
 Metaspace       used 6224K, capacity 7152K, committed 7296K, reserved 1056768K
  class space    used 586K, capacity 616K, committed 640K, reserved 1048576K
}
Event: 15.856 GC heap before
{Heap before GC invocations=11 (full 1):
 PSYoungGen      total 143360K, used 137186K [0x00000000eab00000, 0x00000000fa280000, 0x0000000100000000)
  eden space 124416K, 100% used [0x00000000eab00000,0x00000000f2480000,0x00000000f2480000)
  from space 18944K, 67% used [0x00000000f2480000,0x00000000f30f8b30,0x00000000f3700000)
  to   space 27136K, 0% used [0x00000000f8800000,0x00000000f8800000,0x00000000fa280000)
 ParOldGen       total 83968K, used 43902K [0x00000000c0000000, 0x00000000c5200000, 0x00000000eab00000)
  object space 83968K, 52% used [0x00000000c0000000,0x00000000c2adf880,0x00000000c5200000)
 Metaspace       used 6227K, capacity 7152K, committed 7296K, reserved 1056768K
  class space    used 586K, capacity 616K, committed 640K, reserved 1048576K
Event: 16.011 GC heap after
Heap after GC invocations=11 (full 1):
 PSYoungGen      total 171008K, used 26151K [0x00000000eab00000, 0x00000000fa200000, 0x0000000100000000)
  eden space 144384K, 0% used [0x00000000eab00000,0x00000000eab00000,0x00000000f3800000)
  from space 26624K, 98% used [0x00000000f8800000,0x00000000fa189c40,0x00000000fa200000)
  to   space 31232K, 0% used [0x00000000f6500000,0x00000000f6500000,0x00000000f8380000)
 ParOldGen       total 83968K, used 47686K [0x00000000c0000000, 0x00000000c5200000, 0x00000000eab00000)
  object space 83968K, 56% used [0x00000000c0000000,0x00000000c2e91880,0x00000000c5200000)
 Metaspace       used 6227K, capacity 7152K, committed 7296K, reserved 1056768K
  class space    used 586K, capacity 616K, committed 640K, reserved 1048576K
}
Event: 17.791 GC heap before
{Heap before GC invocations=12 (full 1):
 PSYoungGen      total 171008K, used 170535K [0x00000000eab00000, 0x00000000fa200000, 0x0000000100000000)
  eden space 144384K, 100% used [0x00000000eab00000,0x00000000f3800000,0x00000000f3800000)
  from space 26624K, 98% used [0x00000000f8800000,0x00000000fa189c40,0x00000000fa200000)
  to   space 31232K, 0% used [0x00000000f6500000,0x00000000f6500000,0x00000000f8380000)
 ParOldGen       total 83968K, used 47686K [0x00000000c0000000, 0x00000000c5200000, 0x00000000eab00000)
  object space 83968K, 56% used [0x00000000c0000000,0x00000000c2e91880,0x00000000c5200000)
 Metaspace       used 6242K, capacity 7216K, committed 7296K, reserved 1056768K
  class space    used 586K, capacity 616K, committed 640K, reserved 1048576K
Event: 18.155 GC heap after
Heap after GC invocations=12 (full 1):
 PSYoungGen      total 204800K, used 31202K [0x00000000eab00000, 0x00000000fac80000, 0x0000000100000000)
  eden space 173568K, 0% used [0x00000000eab00000,0x00000000eab00000,0x00000000f5480000)
  from space 31232K, 99% used [0x00000000f6500000,0x00000000f8378b08,0x00000000f8380000)
  to   space 41984K, 0% used [0x00000000f8380000,0x00000000f8380000,0x00000000fac80000)
 ParOldGen       total 83968K, used 71686K [0x00000000c0000000, 0x00000000c5200000, 0x00000000eab00000)
  object space 83968K, 85% used [0x00000000c0000000,0x00000000c4601bb0,0x00000000c5200000)
 Metaspace       used 6242K, capacity 7216K, committed 7296K, reserved 1056768K
  class space    used 586K, capacity 616K, committed 640K, reserved 1048576K
}
Event: 18.155 GC heap before
{Heap before GC invocations=13 (full 2):
 PSYoungGen      total 204800K, used 31202K [0x00000000eab00000, 0x00000000fac80000, 0x0000000100000000)
  eden space 173568K, 0% used [0x00000000eab00000,0x00000000eab00000,0x00000000f5480000)
  from space 31232K, 99% used [0x00000000f6500000,0x00000000f8378b08,0x00000000f8380000)
  to   space 41984K, 0% used [0x00000000f8380000,0x00000000f8380000,0x00000000fac80000)
 ParOldGen       total 83968K, used 71686K [0x00000000c0000000, 0x00000000c5200000, 0x00000000eab00000)
  object space 83968K, 85% used [0x00000000c0000000,0x00000000c4601bb0,0x00000000c5200000)
 Metaspace       used 6242K, capacity 7216K, committed 7296K, reserved 1056768K
  class space    used 586K, capacity 616K, committed 640K, reserved 1048576K
Event: 24.336 GC heap after
Heap after GC invocations=13 (full 2):
 PSYoungGen      total 204800K, used 18335K [0x00000000eab00000, 0x00000000fac80000, 0x0000000100000000)
  eden space 173568K, 0% used [0x00000000eab00000,0x00000000eab00000,0x00000000f5480000)
  from space 31232K, 58% used [0x00000000f6500000,0x00000000f76e7fc0,0x00000000f8380000)
  to   space 41984K, 0% used [0x00000000f8380000,0x00000000f8380000,0x00000000fac80000)
 ParOldGen       total 83968K, used 83797K [0x00000000c0000000, 0x00000000c5200000, 0x00000000eab00000)
  object space 83968K, 99% used [0x00000000c0000000,0x00000000c51d5678,0x00000000c5200000)
 Metaspace       used 6242K, capacity 7216K, committed 7296K, reserved 1056768K
  class space    used 586K, capacity 616K, committed 640K, reserved 1048576K
}

